Arguments: 
  C:\Program Files\nodejs\node.exe C:\Users\mgran\AppData\Roaming\npm\node_modules\yarn\bin\yarn.js add cookie-parser cors dotenv express expres-async-handler express-oauth2-jwt-bearer nodemon prisma @prisma/client

PATH: 
  C:\Users\mgran\bin;C:\Program Files\Git\mingw64\bin;C:\Program Files\Git\usr\local\bin;C:\Program Files\Git\usr\bin;C:\Program Files\Git\usr\bin;C:\Program Files\Git\mingw64\bin;C:\Program Files\Git\usr\bin;C:\Users\mgran\bin;C:\Python311\Scripts;C:\Python311;C:\Windows\system32;C:\Windows;C:\Windows\System32\Wbem;C:\Windows\System32\WindowsPowerShell\v1.0;C:\Windows\System32\OpenSSH;C:\ProgramData\chocolatey\bin;C:\Program Files\dotnet;C:\Program Files (x86)\Intel\Intel(R) Management Engine Components\DAL;C:\Program Files\Intel\Intel(R) Management Engine Components\DAL;C:\Program Files\NVIDIA Corporation\NVIDIA NvDLISR;C:\Program Files (x86)\NVIDIA Corporation\PhysX\Common;C:\Program Files (x86)\Common Files\Acronis\SnapAPI;C:\Program Files (x86)\Common Files\Acronis\VirtualFile;C:\Program Files (x86)\Common Files\Acronis\VirtualFile64;C:\WINDOWS\system32;C:\WINDOWS;C:\WINDOWS\System32\Wbem;C:\WINDOWS\System32\WindowsPowerShell\v1.0;C:\WINDOWS\System32\OpenSSH;C:\Program Files (x86)\Windows Kits\10\Windows Performance Toolkit;D:\Dowmloads;D:\Downloads\mongosh-1.10.0-win32-x64\mongosh-1.10.0-win32-x64\bin;C:\Program Files\Microsoft VS Code\bin;C:\Program Files\Git\cmd;C:\Program Files\1Password CLI;C:\Program Files (x86)\Common Files\Acronis\FileProtector;C:\Program Files (x86)\Common Files\Acronis\FileProtector64;C:\Program Files\nodejs;C:\Program Files\GitHub CLI;C:\Program Files\PowerShell\7;C:\Users\mgran\.console-ninja\.bin;C:\Users\mgran\AppData\Local\Microsoft\WindowsApps;C:\Users\mgran\AppData\Local\Programs\oh-my-posh\bin;C:\Users\mgran\AppData\Local\Programs\Hyper\resources\bin;C:\Users\mgran\.deno\bin;C:\Users\mgran\AppData\Local\Microsoft\WindowsApps;C:\Users\mgran\AppData\Roaming\npm;C:\Program Files\Git\usr\bin\vendor_perl;C:\Program Files\Git\usr\bin\core_perl

Yarn version: 
  1.22.19

Node version: 
  18.18.0

Platform: 
  win32 x64

Trace: 
  Error: https://registry.yarnpkg.com/expres-async-handler: Not found
      at params.callback [as _callback] (C:\Users\mgran\AppData\Roaming\npm\node_modules\yarn\lib\cli.js:66145:18)
      at self.callback (C:\Users\mgran\AppData\Roaming\npm\node_modules\yarn\lib\cli.js:140890:22)
      at Request.emit (node:events:517:28)
      at Request.<anonymous> (C:\Users\mgran\AppData\Roaming\npm\node_modules\yarn\lib\cli.js:141862:10)
      at Request.emit (node:events:517:28)
      at IncomingMessage.<anonymous> (C:\Users\mgran\AppData\Roaming\npm\node_modules\yarn\lib\cli.js:141784:12)
      at Object.onceWrapper (node:events:631:28)
      at IncomingMessage.emit (node:events:529:35)
      at endReadableNT (node:internal/streams/readable:1368:12)
      at process.processTicksAndRejections (node:internal/process/task_queues:82:21)

npm manifest: 
  {
    "name": "server",
    "version": "1.0.0",
    "main": "index.js",
    "license": "MIT"
  }

yarn manifest: 
  No manifest

Lockfile: 
  No lockfile
